<?xml version="1.0" encoding="UTF-8"?>
<!-- Generated by org.testng.reporters.JUnitXMLReporter -->
<testsuite ignored="2" hostname="SSTINDIA" failures="0" tests="1" name="Default test" time="139.421" errors="0" timestamp="2023-07-13T19:11:12 IST">
  <testcase classname="Tests_AHS.Add_new_doctor_Test" name="CheckWithInvaliddata" time="125.472"/>
  <testcase classname="Tests_AHS.Add_new_doctor_Test" name="Selectphysician" time="0.0">
    <ignored/>
  </testcase> <!-- Selectphysician -->
  <testcase classname="Tests_AHS.Add_new_doctor_Test" name="Selectmultipledoctor" time="0.0">
    <ignored/>
  </testcase> <!-- Selectmultipledoctor -->
</testsuite> <!-- Default test -->
