<?xml version="1.0" encoding="UTF-8"?>
<testng-results ignored="0" total="1" passed="1" failed="0" skipped="0">
  <reporter-output>
  </reporter-output>
  <suite started-at="2023-07-13T19:08:52 IST" name="Default suite" finished-at="2023-07-13T19:11:12 IST" duration-ms="139421">
    <groups>
    </groups>
    <test started-at="2023-07-13T19:08:52 IST" name="Default test" finished-at="2023-07-13T19:11:12 IST" duration-ms="139421">
      <class name="Tests_AHS.Add_new_doctor_Test">
        <test-method is-config="true" signature="excutebefore()[pri:0, instance:Tests_AHS.Add_new_doctor_Test@1a9ec80e]" started-at="2023-07-13T19:08:52 IST" name="excutebefore" finished-at="2023-07-13T19:09:05 IST" duration-ms="12947" status="PASS">
          <reporter-output>
          </reporter-output>
        </test-method> <!-- excutebefore -->
        <test-method signature="CheckWithInvaliddata()[pri:0, instance:Tests_AHS.Add_new_doctor_Test@1a9ec80e]" started-at="2023-07-13T19:09:06 IST" name="CheckWithInvaliddata" finished-at="2023-07-13T19:11:11 IST" duration-ms="125472" status="PASS">
          <reporter-output>
          </reporter-output>
        </test-method> <!-- CheckWithInvaliddata -->
        <test-method is-config="true" signature="teardown()[pri:0, instance:Tests_AHS.Add_new_doctor_Test@1a9ec80e]" started-at="2023-07-13T19:11:11 IST" name="teardown" finished-at="2023-07-13T19:11:12 IST" duration-ms="615" status="PASS">
          <reporter-output>
          </reporter-output>
        </test-method> <!-- teardown -->
      </class> <!-- Tests_AHS.Add_new_doctor_Test -->
    </test> <!-- Default test -->
  </suite> <!-- Default suite -->
</testng-results>
