<?xml version="1.0" encoding="UTF-8"?>
<testng-results ignored="0" total="1" passed="1" failed="0" skipped="0">
  <reporter-output>
  </reporter-output>
  <suite started-at="2023-07-12T10:20:58 IST" name="Default suite" finished-at="2023-07-12T10:22:28 IST" duration-ms="89909">
    <groups>
    </groups>
    <test started-at="2023-07-12T10:20:58 IST" name="Default test" finished-at="2023-07-12T10:22:28 IST" duration-ms="89909">
      <class name="Tests_AHS.Add_new_doctor_Test">
        <test-method is-config="true" signature="excutebefore()[pri:0, instance:Tests_AHS.Add_new_doctor_Test@646427f7]" started-at="2023-07-12T10:20:58 IST" name="excutebefore" finished-at="2023-07-12T10:21:17 IST" duration-ms="18959" status="PASS">
          <reporter-output>
          </reporter-output>
        </test-method> <!-- excutebefore -->
        <test-method signature="SearchforDoctor()[pri:0, instance:Tests_AHS.Add_new_doctor_Test@646427f7]" started-at="2023-07-12T10:21:17 IST" name="SearchforDoctor" finished-at="2023-07-12T10:22:27 IST" duration-ms="70057" status="PASS">
          <reporter-output>
          </reporter-output>
        </test-method> <!-- SearchforDoctor -->
        <test-method is-config="true" signature="teardown()[pri:0, instance:Tests_AHS.Add_new_doctor_Test@646427f7]" started-at="2023-07-12T10:22:27 IST" name="teardown" finished-at="2023-07-12T10:22:28 IST" duration-ms="511" status="PASS">
          <reporter-output>
          </reporter-output>
        </test-method> <!-- teardown -->
      </class> <!-- Tests_AHS.Add_new_doctor_Test -->
    </test> <!-- Default test -->
  </suite> <!-- Default suite -->
</testng-results>
